Build started 02/08/2018 10:21:39.
     1>Project "\\glass\1700870\documents\visual studio 2012\Projects\ComplexHCIWeek3\ComplexHCIWeek3\ComplexHCIWeek3.vcxproj" on node 2 (Build target(s)).
     1>ClCompile:
         C:\Program Files (x86)\Microsoft Visual Studio 11.0\VC\bin\CL.exe /c /ZI /nologo /W3 /WX- /sdl /Od /Oy- /D WIN32 /D _DEBUG /D _CONSOLE /D _UNICODE /D UNICODE /Gm /EHsc /RTC1 /MDd /GS /fp:precise /Zc:wchar_t /Zc:forScope /Yc"stdafx.h" /Fp"Debug\ComplexHCIWeek3.pch" /Fo"Debug\\" /Fd"Debug\vc110.pdb" /Gd /TP /analyze- /errorReport:prompt stdafx.cpp
         stdafx.cpp
         C:\Program Files (x86)\Microsoft Visual Studio 11.0\VC\bin\CL.exe /c /ZI /nologo /W3 /WX- /sdl /Od /Oy- /D WIN32 /D _DEBUG /D _CONSOLE /D _UNICODE /D UNICODE /Gm /EHsc /RTC1 /MDd /GS /fp:precise /Zc:wchar_t /Zc:forScope /Yu"stdafx.h" /Fp"Debug\ComplexHCIWeek3.pch" /Fo"Debug\\" /Fd"Debug\vc110.pdb" /Gd /TP /analyze- /errorReport:prompt complex1.cpp ComplexHCIWeek3.cpp
         ComplexHCIWeek3.cpp
         complex1.cpp
     1>\\glass\1700870\documents\visual studio 2012\projects\complexhciweek3\complexhciweek3\complex1.cpp(15): warning C4244: 'initializing' : conversion from 'double' to 'int', possible loss of data
     1>\\glass\1700870\documents\visual studio 2012\projects\complexhciweek3\complexhciweek3\complex1.cpp(16): warning C4244: 'initializing' : conversion from 'double' to 'int', possible loss of data
     1>\\glass\1700870\documents\visual studio 2012\projects\complexhciweek3\complexhciweek3\complex1.cpp(23): warning C4244: 'initializing' : conversion from 'double' to 'int', possible loss of data
     1>\\glass\1700870\documents\visual studio 2012\projects\complexhciweek3\complexhciweek3\complex1.cpp(24): warning C4244: 'initializing' : conversion from 'double' to 'int', possible loss of data
     1>\\glass\1700870\documents\visual studio 2012\projects\complexhciweek3\complexhciweek3\complex1.cpp(31): warning C4244: 'initializing' : conversion from 'double' to 'int', possible loss of data
     1>\\glass\1700870\documents\visual studio 2012\projects\complexhciweek3\complexhciweek3\complex1.cpp(32): warning C4244: 'initializing' : conversion from 'double' to 'int', possible loss of data
     1>\\glass\1700870\documents\visual studio 2012\projects\complexhciweek3\complexhciweek3\complex1.cpp(39): warning C4244: 'initializing' : conversion from 'double' to 'int', possible loss of data
     1>\\glass\1700870\documents\visual studio 2012\projects\complexhciweek3\complexhciweek3\complex1.cpp(40): warning C4244: 'initializing' : conversion from 'double' to 'int', possible loss of data
         Generating Code...
       Link:
         C:\Program Files (x86)\Microsoft Visual Studio 11.0\VC\bin\link.exe /ERRORREPORT:PROMPT /OUT:"\\glass\1700870\documents\visual studio 2012\Projects\ComplexHCIWeek3\Debug\ComplexHCIWeek3.exe" /INCREMENTAL /NOLOGO kernel32.lib user32.lib gdi32.lib winspool.lib comdlg32.lib advapi32.lib shell32.lib ole32.lib oleaut32.lib uuid.lib odbc32.lib odbccp32.lib /MANIFEST /MANIFESTUAC:"level='asInvoker' uiAccess='false'" /manifest:embed /DEBUG /PDB:"\\glass\1700870\documents\visual studio 2012\Projects\ComplexHCIWeek3\Debug\ComplexHCIWeek3.pdb" /SUBSYSTEM:CONSOLE /TLBID:1 /DYNAMICBASE /NXCOMPAT /IMPLIB:"\\glass\1700870\documents\visual studio 2012\Projects\ComplexHCIWeek3\Debug\ComplexHCIWeek3.lib" /MACHINE:X86 Debug\complex1.obj
         Debug\ComplexHCIWeek3.obj
         Debug\stdafx.obj
         ComplexHCIWeek3.vcxproj -> \\glass\1700870\documents\visual studio 2012\Projects\ComplexHCIWeek3\Debug\ComplexHCIWeek3.exe
     1>Done Building Project "\\glass\1700870\documents\visual studio 2012\Projects\ComplexHCIWeek3\ComplexHCIWeek3\ComplexHCIWeek3.vcxproj" (Build target(s)).

Build succeeded.

Time Elapsed 00:00:02.36
